2022-11-21 15:46:54,425 - results - INFO - Lectures[drone_id = 1]: {'request_id': 'test', 'shape': [480, 640], 'message': 'Sucesso', 'lectures': []}
2022-11-21 15:47:11,055 - results - INFO - Lectures[drone_id = 1]: {'request_id': 'WF2GBQV2U13KQZIQ', 'shape': [480, 640], 'message': 'Sucesso', 'lectures': []}
2022-11-22 19:04:12,046 - results - INFO - Lectures[drone_id = 1]: {'request_id': 'test', 'shape': [480, 640], 'message': 'Sucesso', 'lectures': [], 'error': False}
2022-11-26 16:13:52,322 - results - INFO - Lectures[drone_id = 1]: {'request_id': 'test', 'shape': [480, 640], 'message': 'Sucesso', 'lectures': [], 'error': False}
2022-11-26 16:15:25,590 - results - INFO - Lectures[drone_id = 1]: {'request_id': 'test', 'shape': [480, 640], 'message': 'Sucesso', 'lectures': [], 'error': False}
2022-11-26 16:18:17,332 - results - INFO - Lectures[drone_id = 1]: {'request_id': 'test', 'shape': [480, 640], 'message': 'Sucesso', 'lectures': [], 'error': False}
2022-11-26 16:20:34,135 - results - INFO - Lectures[drone_id = 1]: {'request_id': 'test', 'shape': [480, 640], 'message': 'Sucesso', 'lectures': [], 'error': False}
2022-11-26 16:22:48,736 - results - INFO - Lectures[drone_id = 1]: {'request_id': 'test', 'shape': [480, 640], 'message': 'Sucesso', 'lectures': [], 'error': False}
2022-11-26 16:24:34,959 - results - INFO - Lectures[drone_id = 1]: {'request_id': 'test', 'shape': [480, 640], 'message': 'Sucesso', 'lectures': [], 'error': False}
2022-11-26 16:40:59,447 - results - INFO - Lectures[drone_id = 1]: {'request_id': 'test', 'shape': [480, 640], 'message': 'Sucesso', 'lectures': [], 'error': False}
2022-11-26 16:41:31,772 - results - INFO - Lectures[drone_id = 1]: {'request_id': 'test', 'shape': [480, 640], 'message': 'Sucesso', 'lectures': [], 'error': False}
2022-11-26 16:42:32,116 - results - INFO - Lectures[drone_id = 1]: {'request_id': 'test', 'shape': [480, 640], 'message': 'Sucesso', 'lectures': [], 'error': False}
2022-11-26 16:47:06,072 - results - INFO - Lectures[drone_id = 1]: {'request_id': 'test', 'shape': [480, 640], 'message': 'Sucesso', 'lectures': [], 'error': False}
2022-11-26 16:47:37,829 - results - INFO - Lectures[drone_id = 1]: {'request_id': 'test', 'shape': [480, 640], 'message': 'Sucesso', 'lectures': [], 'error': False}
2022-11-26 16:48:01,681 - results - INFO - Lectures[drone_id = 1]: {'request_id': 'test', 'shape': [480, 640], 'message': 'Sucesso', 'lectures': [], 'error': False}
2022-11-26 16:54:39,758 - results - INFO - Lectures[drone_id = 1]: {'request_id': 'test', 'shape': [480, 640], 'message': 'Sucesso', 'lectures': [], 'error': False}
2022-11-29 13:36:09,544 - results - INFO - [TEST]Lectures[drone_id = 1]: {'request_id': 'test', 'shape': [480, 640], 'message': 'Sucesso', 'lectures': [], 'error': False}
2022-11-29 13:39:26,555 - results - INFO - [TEST]Lectures[drone_id = 1]: {'request_id': 'test', 'shape': [480, 640], 'message': 'Sucesso', 'lectures': [], 'error': False}
2022-11-29 13:44:18,228 - results - INFO - [TEST]Lectures[drone_id = 1]: {'request_id': 'test', 'shape': [480, 640], 'message': 'Sucesso', 'lectures': [], 'error': False}
2022-11-29 13:59:42,846 - results - INFO - [TEST]Lectures[drone_id = 1]: {'request_id': 'test', 'shape': [480, 640], 'message': 'Sucesso', 'lectures': [], 'error': False}
2022-11-29 14:00:47,632 - results - INFO - [TEST]Lectures[drone_id = 1]: {'request_id': 'test', 'shape': [480, 640], 'message': 'Sucesso', 'lectures': [], 'error': False}
2022-11-29 14:08:13,808 - results - INFO - [TEST]Lectures[drone_id = 1]: {'request_id': 'test', 'shape': [480, 640], 'message': 'Sucesso', 'lectures': [], 'error': False}
2022-11-29 14:08:48,674 - results - INFO - [TEST]Lectures[drone_id = 1]: {'request_id': 'test', 'shape': [480, 640], 'message': 'Sucesso', 'lectures': [], 'error': False}
2022-11-29 14:08:48,701 - results - INFO - [TEST]Lectures[drone_id = 1]: {'request_id': 'test', 'shape': [480, 640], 'message': 'Sucesso', 'lectures': [], 'error': False}
2022-11-29 14:08:48,830 - results - INFO - [TEST]Lectures[drone_id = 1]: {'request_id': 'test', 'shape': [480, 640], 'message': 'Sucesso', 'lectures': [], 'error': False}
2022-11-29 14:08:48,863 - results - INFO - [TEST]Lectures[drone_id = 1]: {'request_id': 'test', 'shape': [480, 640], 'message': 'Sucesso', 'lectures': [], 'error': False}
2022-11-29 14:08:49,169 - results - INFO - [TEST]Lectures[drone_id = 1]: {'request_id': 'test', 'shape': [480, 640], 'message': 'Sucesso', 'lectures': [], 'error': False}
2022-11-29 14:08:49,204 - results - INFO - [TEST]Lectures[drone_id = 1]: {'request_id': 'test', 'shape': [480, 640], 'message': 'Sucesso', 'lectures': [], 'error': False}
2022-11-29 14:08:49,207 - results - INFO - [TEST]Lectures[drone_id = 1]: {'request_id': 'test', 'shape': [480, 640], 'message': 'Sucesso', 'lectures': [], 'error': False}
2022-11-29 14:08:49,218 - results - INFO - [TEST]Lectures[drone_id = 1]: {'request_id': 'test', 'shape': [480, 640], 'message': 'Sucesso', 'lectures': [], 'error': False}
2022-11-29 14:08:49,266 - results - INFO - [TEST]Lectures[drone_id = 1]: {'request_id': 'test', 'shape': [480, 640], 'message': 'Sucesso', 'lectures': [], 'error': False}
2022-11-29 14:08:49,315 - results - INFO - [TEST]Lectures[drone_id = 1]: {'request_id': 'test', 'shape': [480, 640], 'message': 'Sucesso', 'lectures': [], 'error': False}
2022-11-29 14:08:49,327 - results - INFO - [TEST]Lectures[drone_id = 1]: {'request_id': 'test', 'shape': [480, 640], 'message': 'Sucesso', 'lectures': [], 'error': False}
2022-11-29 14:08:49,465 - results - INFO - [TEST]Lectures[drone_id = 1]: {'request_id': 'test', 'shape': [480, 640], 'message': 'Sucesso', 'lectures': [], 'error': False}
2022-11-29 14:08:49,502 - results - INFO - [TEST]Lectures[drone_id = 1]: {'request_id': 'test', 'shape': [480, 640], 'message': 'Sucesso', 'lectures': [], 'error': False}
2022-11-29 14:08:49,531 - results - INFO - [TEST]Lectures[drone_id = 1]: {'request_id': 'test', 'shape': [480, 640], 'message': 'Sucesso', 'lectures': [], 'error': False}
2022-11-29 14:08:49,594 - results - INFO - [TEST]Lectures[drone_id = 1]: {'request_id': 'test', 'shape': [480, 640], 'message': 'Sucesso', 'lectures': [], 'error': False}
2022-11-29 14:08:49,605 - results - INFO - [TEST]Lectures[drone_id = 1]: {'request_id': 'test', 'shape': [480, 640], 'message': 'Sucesso', 'lectures': [], 'error': False}
2022-11-29 14:08:49,710 - results - INFO - [TEST]Lectures[drone_id = 1]: {'request_id': 'test', 'shape': [480, 640], 'message': 'Sucesso', 'lectures': [], 'error': False}
2022-11-29 14:08:49,814 - results - INFO - [TEST]Lectures[drone_id = 1]: {'request_id': 'test', 'shape': [480, 640], 'message': 'Sucesso', 'lectures': [], 'error': False}
2022-11-29 14:08:49,837 - results - INFO - [TEST]Lectures[drone_id = 1]: {'request_id': 'test', 'shape': [480, 640], 'message': 'Sucesso', 'lectures': [], 'error': False}
2022-11-29 14:08:49,872 - results - INFO - [TEST]Lectures[drone_id = 1]: {'request_id': 'test', 'shape': [480, 640], 'message': 'Sucesso', 'lectures': [], 'error': False}
2022-11-29 14:08:49,911 - results - INFO - [TEST]Lectures[drone_id = 1]: {'request_id': 'test', 'shape': [480, 640], 'message': 'Sucesso', 'lectures': [], 'error': False}
2022-11-29 14:08:49,941 - results - INFO - [TEST]Lectures[drone_id = 1]: {'request_id': 'test', 'shape': [480, 640], 'message': 'Sucesso', 'lectures': [], 'error': False}
2022-11-29 14:08:49,971 - results - INFO - [TEST]Lectures[drone_id = 1]: {'request_id': 'test', 'shape': [480, 640], 'message': 'Sucesso', 'lectures': [], 'error': False}
2022-11-29 14:08:50,158 - results - INFO - [TEST]Lectures[drone_id = 1]: {'request_id': 'test', 'shape': [480, 640], 'message': 'Sucesso', 'lectures': [], 'error': False}
2022-11-29 14:08:50,217 - results - INFO - [TEST]Lectures[drone_id = 1]: {'request_id': 'test', 'shape': [480, 640], 'message': 'Sucesso', 'lectures': [], 'error': False}
2022-11-29 14:08:50,248 - results - INFO - [TEST]Lectures[drone_id = 1]: {'request_id': 'test', 'shape': [480, 640], 'message': 'Sucesso', 'lectures': [], 'error': False}
2022-11-29 14:08:50,380 - results - INFO - [TEST]Lectures[drone_id = 1]: {'request_id': 'test', 'shape': [480, 640], 'message': 'Sucesso', 'lectures': [], 'error': False}
2022-11-29 14:08:50,435 - results - INFO - [TEST]Lectures[drone_id = 1]: {'request_id': 'test', 'shape': [480, 640], 'message': 'Sucesso', 'lectures': [], 'error': False}
2022-11-29 14:08:50,517 - results - INFO - [TEST]Lectures[drone_id = 1]: {'request_id': 'test', 'shape': [480, 640], 'message': 'Sucesso', 'lectures': [], 'error': False}
2022-11-29 14:08:50,581 - results - INFO - [TEST]Lectures[drone_id = 1]: {'request_id': 'test', 'shape': [480, 640], 'message': 'Sucesso', 'lectures': [], 'error': False}
2022-11-29 14:08:50,766 - results - INFO - [TEST]Lectures[drone_id = 1]: {'request_id': 'test', 'shape': [480, 640], 'message': 'Sucesso', 'lectures': [], 'error': False}
2022-11-29 14:08:50,831 - results - INFO - [TEST]Lectures[drone_id = 1]: {'request_id': 'test', 'shape': [480, 640], 'message': 'Sucesso', 'lectures': [], 'error': False}
2022-11-29 14:08:50,921 - results - INFO - [TEST]Lectures[drone_id = 1]: {'request_id': 'test', 'shape': [480, 640], 'message': 'Sucesso', 'lectures': [], 'error': False}
2022-11-29 14:08:50,940 - results - INFO - [TEST]Lectures[drone_id = 1]: {'request_id': 'test', 'shape': [480, 640], 'message': 'Sucesso', 'lectures': [], 'error': False}
2022-11-29 14:08:50,970 - results - INFO - [TEST]Lectures[drone_id = 1]: {'request_id': 'test', 'shape': [480, 640], 'message': 'Sucesso', 'lectures': [], 'error': False}
2022-11-29 14:08:51,023 - results - INFO - [TEST]Lectures[drone_id = 1]: {'request_id': 'test', 'shape': [480, 640], 'message': 'Sucesso', 'lectures': [], 'error': False}
2022-11-29 14:08:51,088 - results - INFO - [TEST]Lectures[drone_id = 1]: {'request_id': 'test', 'shape': [480, 640], 'message': 'Sucesso', 'lectures': [], 'error': False}
2022-11-29 14:08:51,184 - results - INFO - [TEST]Lectures[drone_id = 1]: {'request_id': 'test', 'shape': [480, 640], 'message': 'Sucesso', 'lectures': [], 'error': False}
2022-11-29 14:08:51,267 - results - INFO - [TEST]Lectures[drone_id = 1]: {'request_id': 'test', 'shape': [480, 640], 'message': 'Sucesso', 'lectures': [], 'error': False}
2022-11-29 14:08:51,501 - results - INFO - [TEST]Lectures[drone_id = 1]: {'request_id': 'test', 'shape': [480, 640], 'message': 'Sucesso', 'lectures': [], 'error': False}
2022-11-29 14:08:51,590 - results - INFO - [TEST]Lectures[drone_id = 1]: {'request_id': 'test', 'shape': [480, 640], 'message': 'Sucesso', 'lectures': [], 'error': False}
2022-11-29 14:08:51,641 - results - INFO - [TEST]Lectures[drone_id = 1]: {'request_id': 'test', 'shape': [480, 640], 'message': 'Sucesso', 'lectures': [], 'error': False}
2022-11-29 14:08:51,665 - results - INFO - [TEST]Lectures[drone_id = 1]: {'request_id': 'test', 'shape': [480, 640], 'message': 'Sucesso', 'lectures': [], 'error': False}
2022-11-29 14:08:51,703 - results - INFO - [TEST]Lectures[drone_id = 1]: {'request_id': 'test', 'shape': [480, 640], 'message': 'Sucesso', 'lectures': [], 'error': False}
2022-11-29 14:08:51,769 - results - INFO - [TEST]Lectures[drone_id = 1]: {'request_id': 'test', 'shape': [480, 640], 'message': 'Sucesso', 'lectures': [], 'error': False}
2022-11-29 14:08:51,870 - results - INFO - [TEST]Lectures[drone_id = 1]: {'request_id': 'test', 'shape': [480, 640], 'message': 'Sucesso', 'lectures': [], 'error': False}
2022-11-29 14:08:51,884 - results - INFO - [TEST]Lectures[drone_id = 1]: {'request_id': 'test', 'shape': [480, 640], 'message': 'Sucesso', 'lectures': [], 'error': False}
2022-11-29 14:08:51,979 - results - INFO - [TEST]Lectures[drone_id = 1]: {'request_id': 'test', 'shape': [480, 640], 'message': 'Sucesso', 'lectures': [], 'error': False}
2022-11-29 14:08:52,063 - results - INFO - [TEST]Lectures[drone_id = 1]: {'request_id': 'test', 'shape': [480, 640], 'message': 'Sucesso', 'lectures': [], 'error': False}
2022-11-29 14:08:52,119 - results - INFO - [TEST]Lectures[drone_id = 1]: {'request_id': 'test', 'shape': [480, 640], 'message': 'Sucesso', 'lectures': [], 'error': False}
2022-11-29 14:08:52,135 - results - INFO - [TEST]Lectures[drone_id = 1]: {'request_id': 'test', 'shape': [480, 640], 'message': 'Sucesso', 'lectures': [], 'error': False}
2022-11-29 14:08:52,180 - results - INFO - [TEST]Lectures[drone_id = 1]: {'request_id': 'test', 'shape': [480, 640], 'message': 'Sucesso', 'lectures': [], 'error': False}
2022-11-29 14:08:52,283 - results - INFO - [TEST]Lectures[drone_id = 1]: {'request_id': 'test', 'shape': [480, 640], 'message': 'Sucesso', 'lectures': [], 'error': False}
2022-11-29 14:08:52,446 - results - INFO - [TEST]Lectures[drone_id = 1]: {'request_id': 'test', 'shape': [480, 640], 'message': 'Sucesso', 'lectures': [], 'error': False}
2022-11-29 14:08:52,583 - results - INFO - [TEST]Lectures[drone_id = 1]: {'request_id': 'test', 'shape': [480, 640], 'message': 'Sucesso', 'lectures': [], 'error': False}
2022-11-29 14:08:52,650 - results - INFO - [TEST]Lectures[drone_id = 1]: {'request_id': 'test', 'shape': [480, 640], 'message': 'Sucesso', 'lectures': [], 'error': False}
2022-11-29 14:08:52,682 - results - INFO - [TEST]Lectures[drone_id = 1]: {'request_id': 'test', 'shape': [480, 640], 'message': 'Sucesso', 'lectures': [], 'error': False}
2022-11-29 14:08:52,757 - results - INFO - [TEST]Lectures[drone_id = 1]: {'request_id': 'test', 'shape': [480, 640], 'message': 'Sucesso', 'lectures': [], 'error': False}
2022-11-29 14:08:52,892 - results - INFO - [TEST]Lectures[drone_id = 1]: {'request_id': 'test', 'shape': [480, 640], 'message': 'Sucesso', 'lectures': [], 'error': False}
2022-11-29 14:08:52,959 - results - INFO - [TEST]Lectures[drone_id = 1]: {'request_id': 'test', 'shape': [480, 640], 'message': 'Sucesso', 'lectures': [], 'error': False}
2022-11-29 14:08:52,995 - results - INFO - [TEST]Lectures[drone_id = 1]: {'request_id': 'test', 'shape': [480, 640], 'message': 'Sucesso', 'lectures': [], 'error': False}
2022-11-29 14:08:53,027 - results - INFO - [TEST]Lectures[drone_id = 1]: {'request_id': 'test', 'shape': [480, 640], 'message': 'Sucesso', 'lectures': [], 'error': False}
2022-11-29 14:08:53,104 - results - INFO - [TEST]Lectures[drone_id = 1]: {'request_id': 'test', 'shape': [480, 640], 'message': 'Sucesso', 'lectures': [], 'error': False}
2022-11-29 14:08:53,162 - results - INFO - [TEST]Lectures[drone_id = 1]: {'request_id': 'test', 'shape': [480, 640], 'message': 'Sucesso', 'lectures': [], 'error': False}
2022-11-29 14:08:53,286 - results - INFO - [TEST]Lectures[drone_id = 1]: {'request_id': 'test', 'shape': [480, 640], 'message': 'Sucesso', 'lectures': [], 'error': False}
2022-11-29 14:08:53,304 - results - INFO - [TEST]Lectures[drone_id = 1]: {'request_id': 'test', 'shape': [480, 640], 'message': 'Sucesso', 'lectures': [], 'error': False}
2022-11-29 14:08:53,431 - results - INFO - [TEST]Lectures[drone_id = 1]: {'request_id': 'test', 'shape': [480, 640], 'message': 'Sucesso', 'lectures': [], 'error': False}
2022-11-29 14:08:53,451 - results - INFO - [TEST]Lectures[drone_id = 1]: {'request_id': 'test', 'shape': [480, 640], 'message': 'Sucesso', 'lectures': [], 'error': False}
2022-11-29 14:10:37,744 - results - INFO - [TEST]Lectures[drone_id = 1]: {'request_id': 'test', 'shape': [480, 640], 'message': 'Sucesso', 'lectures': [], 'error': False}
2022-11-29 14:10:57,006 - results - INFO - [TEST]Lectures[drone_id = 1]: {'request_id': 'test', 'shape': [480, 640], 'message': 'Sucesso', 'lectures': [], 'error': False}
2022-11-29 14:15:30,120 - results - INFO - [TEST]Lectures[drone_id = 1]: {'message': 'Frames da câmera não estão disponíveis...', 'error': True}
2022-11-29 14:16:46,124 - results - INFO - [TEST]Lectures[drone_id = 1]: {'message': 'Frames da câmera não estão disponíveis...', 'error': True}
2022-11-29 14:40:55,774 - results - INFO - [TEST]Lectures[drone_id = 1]: {'request_id': 'test', 'shape': [480, 640], 'message': 'Sucesso', 'lectures': [], 'error': False}
2022-11-29 14:42:03,531 - results - INFO - [TEST]Lectures[drone_id = 1]: {'request_id': 'test', 'shape': [480, 640], 'message': 'Sucesso', 'lectures': [], 'error': False}
2022-11-29 14:42:45,681 - results - INFO - [TEST]Lectures[drone_id = 1]: {'request_id': 'test', 'shape': [480, 640], 'message': 'Sucesso', 'lectures': [], 'error': False}
2022-11-29 14:43:01,203 - results - INFO - [TEST]Lectures[drone_id = 1]: {'request_id': 'test', 'shape': [480, 640], 'message': 'Sucesso', 'lectures': [], 'error': False}
2022-11-29 14:43:38,624 - results - INFO - [TEST]Lectures[drone_id = 1]: {'request_id': 'test', 'shape': [480, 640], 'message': 'Sucesso', 'lectures': [], 'error': False}
2022-11-29 14:46:05,315 - results - INFO - [TEST]Lectures[drone_id = 1]: {'request_id': 'test', 'shape': [480, 640], 'message': 'Sucesso', 'lectures': [], 'error': False}
2022-11-29 14:48:34,536 - results - INFO - [TEST]Lectures[drone_id = 1]: {'request_id': 'test', 'shape': [480, 640], 'message': 'Sucesso', 'lectures': [], 'error': False}
2022-11-29 14:48:34,710 - results - INFO - [TEST]Lectures[drone_id = 1]: {'request_id': 'test', 'shape': [480, 640], 'message': 'Sucesso', 'lectures': [], 'error': False}
2022-11-29 14:48:34,993 - results - INFO - [TEST]Lectures[drone_id = 1]: {'request_id': 'test', 'shape': [480, 640], 'message': 'Sucesso', 'lectures': [], 'error': False}
2022-11-29 14:48:35,135 - results - INFO - [TEST]Lectures[drone_id = 1]: {'request_id': 'test', 'shape': [480, 640], 'message': 'Sucesso', 'lectures': [], 'error': False}
2022-11-29 14:48:35,335 - results - INFO - [TEST]Lectures[drone_id = 1]: {'request_id': 'test', 'shape': [480, 640], 'message': 'Sucesso', 'lectures': [], 'error': False}
2022-11-29 14:48:35,473 - results - INFO - [TEST]Lectures[drone_id = 1]: {'request_id': 'test', 'shape': [480, 640], 'message': 'Sucesso', 'lectures': [], 'error': False}
2022-11-29 14:48:35,638 - results - INFO - [TEST]Lectures[drone_id = 1]: {'request_id': 'test', 'shape': [480, 640], 'message': 'Sucesso', 'lectures': [], 'error': False}
2022-11-29 14:48:35,736 - results - INFO - [TEST]Lectures[drone_id = 1]: {'request_id': 'test', 'shape': [480, 640], 'message': 'Sucesso', 'lectures': [], 'error': False}
2022-11-29 14:48:35,934 - results - INFO - [TEST]Lectures[drone_id = 1]: {'request_id': 'test', 'shape': [480, 640], 'message': 'Sucesso', 'lectures': [], 'error': False}
2022-11-29 14:48:36,388 - results - INFO - [TEST]Lectures[drone_id = 1]: {'request_id': 'test', 'shape': [480, 640], 'message': 'Sucesso', 'lectures': [], 'error': False}
2022-11-29 14:48:37,100 - results - INFO - [TEST]Lectures[drone_id = 1]: {'request_id': 'test', 'shape': [480, 640], 'message': 'Sucesso', 'lectures': [], 'error': False}
2022-11-29 14:48:37,533 - results - INFO - [TEST]Lectures[drone_id = 1]: {'request_id': 'test', 'shape': [480, 640], 'message': 'Sucesso', 'lectures': [], 'error': False}
2022-11-29 14:48:38,010 - results - INFO - [TEST]Lectures[drone_id = 1]: {'request_id': 'test', 'shape': [480, 640], 'message': 'Sucesso', 'lectures': [], 'error': False}
2022-11-29 14:50:24,195 - results - INFO - [TEST]Lectures[drone_id = 1]: {'request_id': 'test', 'shape': [480, 640], 'message': 'Sucesso', 'lectures': [], 'error': False}
2022-11-29 14:51:07,749 - results - INFO - [TEST]Lectures[drone_id = 1]: {'request_id': 'test', 'shape': [480, 640], 'message': 'Sucesso', 'lectures': [], 'error': False}
2022-11-29 14:54:47,081 - results - INFO - [TEST]Lectures[drone_id = 1]: {'request_id': 'test', 'shape': [480, 640], 'message': 'Sucesso', 'lectures': [], 'error': False}
2022-11-29 14:56:53,390 - results - INFO - [TEST]Lectures[drone_id = 1]: {'request_id': 'test', 'shape': [480, 640], 'message': 'Sucesso', 'lectures': [], 'error': False}
2022-11-29 14:59:27,401 - results - INFO - [TEST]Lectures[drone_id = 1]: {'request_id': 'test', 'shape': [480, 640], 'message': 'Sucesso', 'lectures': [], 'error': False}
2022-11-29 15:00:51,332 - results - INFO - [TEST]Lectures[drone_id = 1]: {'request_id': 'test', 'shape': [480, 640], 'message': 'Sucesso', 'lectures': [], 'error': False}
2022-11-29 15:01:17,842 - results - INFO - [TEST]Lectures[drone_id = 1]: {'request_id': 'test', 'shape': [480, 640], 'message': 'Sucesso', 'lectures': [], 'error': False}
2022-11-29 15:02:28,384 - results - INFO - [TEST]Lectures[drone_id = 1]: {'request_id': 'test', 'shape': [480, 640], 'message': 'Sucesso', 'lectures': [], 'error': False}
2022-11-29 15:02:31,004 - results - INFO - [8LY5AYL1JHUGA002]Lectures[drone_id = 1]: {'request_id': '8LY5AYL1JHUGA002', 'shape': [480, 640], 'message': 'Sucesso', 'lectures': [], 'error': False}
2022-11-29 15:03:00,573 - results - INFO - [TEST]Lectures[drone_id = 1]: {'request_id': 'test', 'shape': [480, 640], 'message': 'Sucesso', 'lectures': [], 'error': False}
2022-11-29 15:03:11,249 - results - INFO - [ODC6906BQL1BTID3] Lectures[drone_id = 1]: {'request_id': 'ODC6906BQL1BTID3', 'shape': [480, 640], 'message': 'Sucesso', 'lectures': [], 'error': False}
2022-11-29 15:03:32,940 - results - INFO - [TEST] Lectures[drone_id = 1]: {'request_id': 'test', 'shape': [480, 640], 'message': 'Sucesso', 'lectures': [], 'error': False}
2022-11-29 15:03:40,276 - results - INFO - [RP9U26JDZYJ1S72X] Lectures[drone_id = 1]: {'request_id': 'RP9U26JDZYJ1S72X', 'shape': [480, 640], 'message': 'Sucesso', 'lectures': [], 'error': False}
2022-11-29 15:05:05,133 - results - INFO - [TEST] Lectures[drone_id = 1]: {'request_id': 'test', 'shape': [480, 640], 'message': 'Sucesso', 'lectures': [], 'error': False}
2022-11-29 15:05:06,505 - results - INFO - [AEP49PVVS8QXOW3K] Lectures[drone_id = 1]: {'request_id': 'AEP49PVVS8QXOW3K', 'shape': [480, 640], 'message': 'Sucesso', 'lectures': [], 'error': False}
2022-11-29 15:06:55,677 - results - INFO - [1Z1CRTSRPVKEUWFY] Lectures[drone_id = 1]: {'request_id': '1Z1CRTSRPVKEUWFY', 'shape': [480, 640], 'message': 'Sucesso', 'lectures': [], 'error': False}
2022-11-29 15:10:55,963 - results - INFO - [TEST] Lectures[drone_id = 1]: {'request_id': 'test', 'shape': [480, 640], 'message': 'Sucesso', 'lectures': [], 'error': False}
2022-11-29 15:12:28,035 - results - INFO - [TEST] Lectures[drone_id = 1]: {'request_id': 'test', 'shape': [480, 640], 'message': 'Sucesso', 'lectures': [], 'error': False}
2022-11-29 15:13:00,126 - results - INFO - [TEST] Lectures[drone_id = 1]: {'request_id': 'test', 'shape': [480, 640], 'message': 'Sucesso', 'lectures': [], 'error': False}
2022-11-29 15:27:44,543 - results - INFO - [TEST] Lectures[drone_id = 1]: {'message': 'Frames da câmera não estão disponíveis...', 'error': True}
2022-11-29 15:28:01,834 - results - INFO - [TEST] Lectures[drone_id = 1]: {'message': 'Frames da câmera não estão disponíveis...', 'error': True}
2022-11-29 15:28:25,539 - results - INFO - [TEST] Lectures[drone_id = 1]: {'message': 'Frames da câmera não estão disponíveis...', 'error': True}
2022-11-29 15:28:42,875 - results - INFO - [U2LFD2BZCE7CP9AO] Lectures[drone_id = 1]: {'request_id': 'U2LFD2BZCE7CP9AO', 'shape': [480, 640], 'message': 'Sucesso', 'lectures': [], 'error': False}
2022-11-29 15:29:04,883 - results - INFO - [TEST] Lectures[drone_id = 1]: {'request_id': 'test', 'shape': [480, 640], 'message': 'Sucesso', 'lectures': [], 'error': False}
2022-11-29 15:35:32,267 - results - INFO - [TEST] Lectures[drone_id = 1]: {'request_id': 'test', 'shape': [480, 640], 'message': 'Sucesso', 'lectures': [], 'error': False}
2022-11-29 15:35:47,029 - results - INFO - [TEST] Lectures[drone_id = 1]: {'request_id': 'test', 'shape': [480, 640], 'message': 'Sucesso', 'lectures': [], 'error': False}
2022-11-29 15:35:51,525 - results - INFO - [9YCR4LAVA468M163] Lectures[drone_id = 1]: {'request_id': '9YCR4LAVA468M163', 'shape': [480, 640], 'message': 'Sucesso', 'lectures': [], 'error': False}
2022-11-29 15:36:49,929 - results - INFO - [TEST] Lectures[drone_id = 1]: {'request_id': 'test', 'shape': [480, 640], 'message': 'Sucesso', 'lectures': [], 'error': False}
2022-11-29 16:53:12,557 - results - INFO - [TEST] Lectures[drone_id = 1]: {'message': 'Frames da câmera não estão disponíveis...', 'error': True}
2022-11-29 16:53:36,074 - results - INFO - [B8LLS6W0EQYSYAPY] Lectures[drone_id = 1]: {'message': 'Frames da câmera não estão disponíveis...', 'error': True}
2022-11-29 16:55:07,423 - results - INFO - [5IJF4ZUBBKIS5RES] Lectures[drone_id = 1]: {'message': 'Frames da câmera não estão disponíveis...', 'error': True}
2022-11-29 16:56:06,070 - results - INFO - [TEST] Lectures[drone_id = 1]: {'message': 'Frames da câmera não estão disponíveis...', 'error': True}
2022-11-29 16:58:33,833 - results - INFO - [TEST] Lectures[drone_id = 1]: {'message': 'Frames da câmera não estão disponíveis...', 'error': True}
2022-11-29 16:58:56,252 - results - INFO - [5YSOJ0SX8IGE2JNN] Lectures[drone_id = 1]: {'message': 'Frames da câmera não estão disponíveis...', 'error': True}
2022-11-29 16:58:58,102 - results - INFO - [U9NZM1P8854BYP1K] Lectures[drone_id = 1]: {'message': 'Frames da câmera não estão disponíveis...', 'error': True}
2022-11-29 16:59:47,360 - results - INFO - [TEST] Lectures[drone_id = 1]: {'message': 'Frames da câmera não estão disponíveis...', 'error': True}
2022-11-29 17:00:20,361 - results - INFO - [1Y6P6Y15XJKDHVF0] Lectures[drone_id = 1]: {'message': 'Frames da câmera não estão disponíveis...', 'error': True}
2022-11-29 17:03:04,058 - results - INFO - [TEST] Lectures[drone_id = 1]: {'message': 'Frames da câmera não estão disponíveis...', 'error': True}
2022-11-30 15:28:34,263 - results - INFO - [TEST] Lectures[drone_id = 1]: {'message': 'Frames da câmera não estão disponíveis...', 'error': True}
2022-11-30 15:30:22,088 - results - INFO - [TEST] Lectures[drone_id = 1]: {'message': 'Frames da câmera não estão disponíveis...', 'error': True}
2022-11-30 15:30:50,957 - results - INFO - [TEST] Lectures[drone_id = 1]: {'message': 'Frames da câmera não estão disponíveis...', 'error': True}
2022-11-30 15:31:04,346 - results - INFO - [PCCMALKSRPL735TB] Lectures[drone_id = 1]: {'message': 'Frames da câmera não estão disponíveis...', 'error': True}
2022-11-30 15:34:42,216 - results - INFO - [TEST] Lectures[drone_id = 1]: {'message': 'Frames da câmera não estão disponíveis...', 'error': True}
2022-12-01 13:15:18,168 - results - INFO - [TEST] Lectures[drone_id = 1]: {'message': 'Frames da câmera não estão disponíveis...', 'error': True}
2022-12-01 13:19:06,507 - results - INFO - [TEST] Lectures[drone_id = 1]: {'message': 'Frames da câmera não estão disponíveis...', 'error': True}
2022-12-01 13:23:18,911 - results - INFO - [TEST] Lectures[drone_id = 1]: {'message': 'Frames da câmera não estão disponíveis...', 'error': True}
2022-12-01 13:24:52,071 - results - INFO - [TEST] Lectures[drone_id = 1]: {'message': 'Frames da câmera não estão disponíveis...', 'error': True}
2022-12-01 13:26:03,149 - results - INFO - [TEST] Lectures[drone_id = 1]: {'message': 'Frames da câmera não estão disponíveis...', 'error': True}
2022-12-01 13:26:04,975 - results - INFO - [N1GCYVPTPX7BSW7L] Lectures[drone_id = 1]: {'message': 'Frames da câmera não estão disponíveis...', 'error': True}
2022-12-01 13:28:24,277 - results - INFO - [TEST] Lectures[drone_id = 1]: {'message': 'Frames da câmera não estão disponíveis...', 'error': True}
2022-12-01 13:28:27,734 - results - INFO - [D6SAXZJOKYFSDDVZ] Lectures[drone_id = 1]: {'request_id': 'D6SAXZJOKYFSDDVZ', 'shape': [720, 1280], 'message': 'Sucesso', 'lectures': [], 'error': False}
2022-12-01 13:30:54,429 - results - INFO - [X7F9IZYDIMNRSHEO] Lectures[drone_id = 1]: {'request_id': 'X7F9IZYDIMNRSHEO', 'shape': [720, 1280], 'message': 'Sucesso', 'lectures': [], 'error': False}
2022-12-01 13:31:09,170 - results - INFO - [N9C3RYJ3MWH0KFVM] Lectures[drone_id = 1]: {'request_id': 'N9C3RYJ3MWH0KFVM', 'shape': [720, 1280], 'message': 'Sucesso', 'lectures': [], 'error': False}
2022-12-01 13:31:43,043 - results - INFO - [IBB3ONBQMOSWZRA1] Lectures[drone_id = 1]: {'message': 'Frames da câmera não estão disponíveis...', 'error': True}
2022-12-01 13:32:06,931 - results - INFO - [KKIOMA81Z0E749HC] Lectures[drone_id = 1]: {'message': 'Frames da câmera não estão disponíveis...', 'error': True}
2022-12-01 13:32:12,209 - results - INFO - [BLCYWVO75JRT8LXA] Lectures[drone_id = 1]: {'message': 'Frames da câmera não estão disponíveis...', 'error': True}
2022-12-01 13:32:49,826 - results - INFO - [TEST] Lectures[drone_id = 1]: {'message': 'Frames da câmera não estão disponíveis...', 'error': True}
2022-12-01 13:32:54,099 - results - INFO - [BX1XZ62UCGE4I7JE] Lectures[drone_id = 1]: {'request_id': 'BX1XZ62UCGE4I7JE', 'shape': [720, 1280], 'message': 'Sucesso', 'lectures': [], 'error': False}
2022-12-01 13:33:13,035 - results - INFO - [B07OI1A12KUCZX5D] Lectures[drone_id = 1]: {'message': 'Frames da câmera não estão disponíveis...', 'error': True}
2022-12-01 13:33:35,054 - results - INFO - [GDD2CYZTFIT8EMM4] Lectures[drone_id = 1]: {'request_id': 'GDD2CYZTFIT8EMM4', 'shape': [720, 1280], 'message': 'Sucesso', 'lectures': [], 'error': False}
2022-12-01 13:48:05,251 - results - INFO - [TEST] Lectures[drone_id = 1]: {'request_id': 'test', 'shape': [720, 1280], 'message': 'Sucesso', 'lectures': [], 'error': False}
2022-12-01 13:48:08,220 - results - INFO - [W1E5U6Q7UOECODJ7] Lectures[drone_id = 1]: {'request_id': 'W1E5U6Q7UOECODJ7', 'shape': [720, 1280], 'message': 'Sucesso', 'lectures': [], 'error': False}
2022-12-01 13:48:27,931 - results - INFO - [TEST] Lectures[drone_id = 1]: {'request_id': 'test', 'shape': [720, 1280], 'message': 'Sucesso', 'lectures': [], 'error': False}
2022-12-01 13:48:31,031 - results - INFO - [MVZVMEQF472273FY] Lectures[drone_id = 1]: {'request_id': 'MVZVMEQF472273FY', 'shape': [720, 1280], 'message': 'Sucesso', 'lectures': [], 'error': False}
2022-12-01 13:49:04,666 - results - INFO - [JMJ1GXQ3WP3GG3PR] Lectures[drone_id = 1]: {'request_id': 'JMJ1GXQ3WP3GG3PR', 'shape': [720, 1280], 'message': 'Sucesso', 'lectures': [], 'error': False}
2022-12-01 13:55:52,126 - results - INFO - [TEST] Lectures[drone_id = 1]: {'request_id': 'test', 'shape': [720, 1280], 'message': 'Sucesso', 'lectures': [], 'error': False}
2022-12-01 13:56:02,803 - results - INFO - [BNQP1Q6AQJF0YPMA] Lectures[drone_id = 1]: {'request_id': 'BNQP1Q6AQJF0YPMA', 'shape': [720, 1280], 'message': 'Sucesso', 'lectures': [], 'error': False}
2022-12-01 13:57:22,965 - results - INFO - [TEST] Lectures[drone_id = 1]: {'request_id': 'test', 'shape': [720, 1280], 'message': 'Sucesso', 'lectures': [], 'error': False}
2022-12-01 13:59:02,611 - results - INFO - [DOUVGA9J5MPF4FVT] Lectures[drone_id = 1]: {'request_id': 'DOUVGA9J5MPF4FVT', 'shape': [720, 1280], 'message': 'Sucesso', 'lectures': [], 'error': False}
2022-12-01 13:59:54,934 - results - INFO - [OGMS2A01SAJZ0H9J] Lectures[drone_id = 1]: {'request_id': 'OGMS2A01SAJZ0H9J', 'shape': [720, 1280], 'message': 'Sucesso', 'lectures': [], 'error': False}
2022-12-01 14:01:22,032 - results - INFO - [TEST] Lectures[drone_id = 1]: {'request_id': 'test', 'shape': [720, 1280], 'message': 'Sucesso', 'lectures': [], 'error': False}
2022-12-01 14:01:33,148 - results - INFO - [BT1NPG50LBXKQ7Y8] Lectures[drone_id = 1]: {'request_id': 'BT1NPG50LBXKQ7Y8', 'shape': [720, 1280], 'message': 'Sucesso', 'lectures': [], 'error': False}
2022-12-01 14:04:27,210 - results - INFO - [TEST] Lectures[drone_id = 1]: {'request_id': 'test', 'shape': [720, 1280], 'message': 'Sucesso', 'lectures': [], 'error': False}
2022-12-02 14:37:57,727 - results - INFO - [TEST] Lectures[drone_id = 1]: {'message': 'Frames da câmera não estão disponíveis...', 'error': True}
2022-12-02 14:39:21,964 - results - INFO - [TEST] Lectures[drone_id = 1]: {'message': 'Frames da câmera não estão disponíveis...', 'error': True}
2022-12-02 14:39:53,095 - results - INFO - [USJMPOEQKC6ZI4W2] Lectures[drone_id = 1]: {'message': 'Frames da câmera não estão disponíveis...', 'error': True}
2022-12-02 14:42:28,974 - results - INFO - [TEST] Lectures[drone_id = 1]: {'message': 'Frames da câmera não estão disponíveis...', 'error': True}
2022-12-02 14:47:49,184 - results - INFO - [TEST] Lectures[drone_id = 1]: {'request_id': 'test', 'shape': [720, 1280], 'message': 'Sucesso', 'lectures': [], 'error': False}
2022-12-02 14:47:57,978 - results - INFO - [I4VYCEFVOMIOIFIJ] Lectures[drone_id = 1]: {'request_id': 'I4VYCEFVOMIOIFIJ', 'shape': [720, 1280], 'message': 'Sucesso', 'lectures': [], 'error': False}
2022-12-02 14:49:25,432 - results - INFO - [TEST] Lectures[drone_id = 1]: {'request_id': 'test', 'shape': [720, 1280], 'message': 'Sucesso', 'lectures': [], 'error': False}
2022-12-02 14:49:34,534 - results - INFO - [GUCZ4DYLD1SE3AA1] Lectures[drone_id = 1]: {'request_id': 'GUCZ4DYLD1SE3AA1', 'shape': [720, 1280], 'message': 'Sucesso', 'lectures': [], 'error': False}
2022-12-02 14:49:59,323 - results - INFO - [TEST] Lectures[drone_id = 1]: {'request_id': 'test', 'shape': [720, 1280], 'message': 'Sucesso', 'lectures': [], 'error': False}
2022-12-02 14:50:02,190 - results - INFO - [QDMMGCFTMQSQIR9U] Lectures[drone_id = 1]: {'request_id': 'QDMMGCFTMQSQIR9U', 'shape': [720, 1280], 'message': 'Sucesso', 'lectures': [], 'error': False}
2022-12-02 14:50:21,697 - results - INFO - [TEST] Lectures[drone_id = 1]: {'request_id': 'test', 'shape': [720, 1280], 'message': 'Sucesso', 'lectures': [], 'error': False}
2022-12-02 14:50:25,066 - results - INFO - [MD8WB3RIL1YXL34J9MS3L6WL] Lectures[drone_id = 1]: {'request_id': 'MD8WB3RIL1YXL34J9MS3L6WL', 'shape': [720, 1280], 'message': 'Sucesso', 'lectures': [], 'error': False}
2022-12-02 15:03:04,967 - results - INFO - [TEST] Lectures[drone_id = 1]: {'message': 'Frames da câmera não estão disponíveis...', 'error': True}
2022-12-02 15:07:00,573 - results - INFO - [TEST] Lectures[drone_id = 1]: {'request_id': 'test', 'shape': [720, 1280], 'message': 'Sucesso', 'lectures': [], 'error': False}
2022-12-02 15:08:17,578 - results - INFO - [06WBD4SW2HG7NOPVY1ZV41ZR] Lectures[drone_id = 1]: {'request_id': '06WBD4SW2HG7NOPVY1ZV41ZR', 'shape': [720, 1280], 'message': 'Sucesso', 'lectures': [], 'error': False}
2022-12-02 16:02:15,395 - results - INFO - [TEST] Lectures[drone_id = 1]: {'message': 'Frames da câmera não estão disponíveis...', 'error': True}
2022-12-02 16:02:30,320 - results - INFO - [HFEBS67T7I9VF30G7LPZ05X5] Lectures[drone_id = 1]: {'message': 'Frames da câmera não estão disponíveis...', 'error': True}
2022-12-02 16:03:10,256 - results - INFO - [TEST] Lectures[drone_id = 1]: {'message': 'Frames da câmera não estão disponíveis...', 'error': True}
2022-12-02 16:03:13,496 - results - INFO - [34MAPUQVHJ3FUMNZCNZFW3AT] Lectures[drone_id = 1]: {'message': 'Frames da câmera não estão disponíveis...', 'error': True}
2022-12-02 16:03:45,377 - results - INFO - [H5G9KP2IODVCNNSZQM77BK0G] Lectures[drone_id = 1]: {'request_id': 'H5G9KP2IODVCNNSZQM77BK0G', 'shape': [720, 1280], 'message': 'Sucesso', 'lectures': [], 'error': False}
